<?xml version="1.0" encoding="UTF-8" ?>
<testsuite tests="10" failures="0" name="org.algorithmx.rules.bind.BindTest" time="0.01" errors="0" skipped="0">
  <properties>
    <property name="java.runtime.name" value="Java(TM) SE Runtime Environment"/>
    <property name="sun.boot.library.path" value="D:\Tools\Java\jdk1.8.0_201\jre\bin"/>
    <property name="java.vm.version" value="25.201-b09"/>
    <property name="java.vm.vendor" value="Oracle Corporation"/>
    <property name="maven.multiModuleProjectDirectory" value="D:/dev/algorithmx/ruling-class"/>
    <property name="java.vendor.url" value="http://java.oracle.com/"/>
    <property name="path.separator" value=";"/>
    <property name="guice.disable.misplaced.annotation.check" value="true"/>
    <property name="java.vm.name" value="Java HotSpot(TM) 64-Bit Server VM"/>
    <property name="file.encoding.pkg" value="sun.io"/>
    <property name="user.script" value=""/>
    <property name="user.country" value="CA"/>
    <property name="sun.java.launcher" value="SUN_STANDARD"/>
    <property name="sun.os.patch.level" value=""/>
    <property name="java.vm.specification.name" value="Java Virtual Machine Specification"/>
    <property name="user.dir" value="D:\dev\algorithmx\ruling-class"/>
    <property name="java.runtime.version" value="1.8.0_201-b09"/>
    <property name="java.awt.graphicsenv" value="sun.awt.Win32GraphicsEnvironment"/>
    <property name="java.endorsed.dirs" value="D:\Tools\Java\jdk1.8.0_201\jre\lib\endorsed"/>
    <property name="os.arch" value="amd64"/>
    <property name="java.io.tmpdir" value="C:\Users\maxar\AppData\Local\Temp\"/>
    <property name="line.separator" value="
"/>
    <property name="java.vm.specification.vendor" value="Oracle Corporation"/>
    <property name="user.variant" value=""/>
    <property name="os.name" value="Windows 10"/>
    <property name="classworlds.conf" value="D:/Tools/Maven/apache-maven-3.6.0/bin/m2.conf"/>
    <property name="sun.jnu.encoding" value="Cp1252"/>
    <property name="java.library.path" value="D:\Tools\Java\jdk1.8.0_201\bin;C:\WINDOWS\Sun\Java\bin;C:\WINDOWS\system32;C:\WINDOWS;C:\Users\maxar\bin;D:\Tools\Git\mingw64\bin;D:\Tools\Git\usr\local\bin;D:\Tools\Git\usr\bin;D:\Tools\Git\usr\bin;D:\Tools\Git\mingw64\bin;D:\Tools\Git\usr\bin;C:\Users\maxar\bin;D:\Tools\Java\jdk1.8.0_201\bin;C:\Program Files (x86)\Intel\Intel(R) Management Engine Components\iCLS;C:\Program Files\Intel\Intel(R) Management Engine Components\iCLS;C:\Windows\system32;C:\Windows;C:\Windows\System32\Wbem;C:\Windows\System32\WindowsPowerShell\v1.0;C:\Program Files (x86)\Intel\Intel(R) Management Engine Components\DAL;C:\Program Files\Intel\Intel(R) Management Engine Components\DAL;C:\Program Files\Intel\WiFi\bin;C:\Program Files\Common Files\Intel\WirelessCommon;C:\Program Files\NVIDIA Corporation\NVIDIA NGX;C:\Program Files (x86)\NVIDIA Corporation\PhysX\Common;C:\Program Files\NVIDIA Corporation\NVIDIA NvDLISR;D:\tools\Git\cmd;C:\WINDOWS\system32;C:\WINDOWS;C:\WINDOWS\System32\Wbem;C:\WINDOWS\System32\WindowsPowerShell\v1.0;C:\WINDOWS\System32\OpenSSH;D:\Tools\Maven\apache-maven-3.6.0\bin;C:\Users\maxar\AppData\Local\Microsoft\WindowsApps;C:\Users\maxar\AppData\Local\GitHubDesktop\bin;%USERPROFILE%\AppData\Local\Microsoft\WindowsApps;D:\Tools\Git\usr\bin\vendor_perl;D:\Tools\Git\usr\bin\core_perl;."/>
    <property name="maven.conf" value="D:/Tools/Maven/apache-maven-3.6.0/conf"/>
    <property name="java.specification.name" value="Java Platform API Specification"/>
    <property name="java.class.version" value="52.0"/>
    <property name="sun.management.compiler" value="HotSpot 64-Bit Tiered Compilers"/>
    <property name="os.version" value="10.0"/>
    <property name="library.jansi.path" value="D:/Tools/Maven/apache-maven-3.6.0/lib/jansi-native"/>
    <property name="user.home" value="C:\Users\maxar"/>
    <property name="user.timezone" value="America/New_York"/>
    <property name="java.awt.printerjob" value="sun.awt.windows.WPrinterJob"/>
    <property name="java.specification.version" value="1.8"/>
    <property name="file.encoding" value="Cp1252"/>
    <property name="user.name" value="maxar"/>
    <property name="java.class.path" value="D:/Tools/Maven/apache-maven-3.6.0/boot/plexus-classworlds-2.5.2.jar"/>
    <property name="java.vm.specification.version" value="1.8"/>
    <property name="sun.arch.data.model" value="64"/>
    <property name="java.home" value="D:\Tools\Java\jdk1.8.0_201\jre"/>
    <property name="sun.java.command" value="org.codehaus.plexus.classworlds.launcher.Launcher clean install"/>
    <property name="java.specification.vendor" value="Oracle Corporation"/>
    <property name="user.language" value="en"/>
    <property name="awt.toolkit" value="sun.awt.windows.WToolkit"/>
    <property name="java.vm.info" value="mixed mode"/>
    <property name="java.version" value="1.8.0_201"/>
    <property name="java.ext.dirs" value="D:\Tools\Java\jdk1.8.0_201\jre\lib\ext;C:\WINDOWS\Sun\Java\lib\ext"/>
    <property name="sun.boot.class.path" value="D:\Tools\Java\jdk1.8.0_201\jre\lib\resources.jar;D:\Tools\Java\jdk1.8.0_201\jre\lib\rt.jar;D:\Tools\Java\jdk1.8.0_201\jre\lib\sunrsasign.jar;D:\Tools\Java\jdk1.8.0_201\jre\lib\jsse.jar;D:\Tools\Java\jdk1.8.0_201\jre\lib\jce.jar;D:\Tools\Java\jdk1.8.0_201\jre\lib\charsets.jar;D:\Tools\Java\jdk1.8.0_201\jre\lib\jfr.jar;D:\Tools\Java\jdk1.8.0_201\jre\classes"/>
    <property name="java.vendor" value="Oracle Corporation"/>
    <property name="maven.home" value="D:\Tools\Maven\apache-maven-3.6.0"/>
    <property name="file.separator" value="\"/>
    <property name="java.vendor.url.bug" value="http://bugreport.sun.com/bugreport/"/>
    <property name="sun.cpu.endian" value="little"/>
    <property name="sun.io.unicode.encoding" value="UnicodeLittle"/>
    <property name="sun.desktop" value="windows"/>
    <property name="sun.cpu.isalist" value="amd64"/>
  </properties>
  <testcase classname="org.algorithmx.rules.bind.BindTest" name="testBind1" time="0"/>
  <testcase classname="org.algorithmx.rules.bind.BindTest" name="testBind2" time="0.001"/>
  <testcase classname="org.algorithmx.rules.bind.BindTest" name="testBind3" time="0"/>
  <testcase classname="org.algorithmx.rules.bind.BindTest" name="testBind4" time="0"/>
  <testcase classname="org.algorithmx.rules.bind.BindTest" name="testBind5" time="0"/>
  <testcase classname="org.algorithmx.rules.bind.BindTest" name="testBind6" time="0"/>
  <testcase classname="org.algorithmx.rules.bind.BindTest" name="testBind7" time="0"/>
  <testcase classname="org.algorithmx.rules.bind.BindTest" name="testBind8" time="0"/>
  <testcase classname="org.algorithmx.rules.bind.BindTest" name="testBind9" time="0"/>
  <testcase classname="org.algorithmx.rules.bind.BindTest" name="testValidation" time="0.009"/>
</testsuite>